<?xml version="1.0" encoding="UTF-8"?>
<!-- Generated by org.testng.reporters.JUnitReportReporter -->
<testsuite hostname="DESKTOP-1PP5FHN" failures="0" tests="1" name="jenkins.TestngJenkinsExamples" time="25.605" errors="0" timestamp="2024-11-07T13:17:47 IST" skipped="0">
  <testcase classname="jenkins.TestngJenkinsExamples" name="googleSrarch" time="25.605"/>
</testsuite> <!-- jenkins.TestngJenkinsExamples -->
